<?xml version="1.0" encoding="UTF-8"?>
<!-- Generated by org.testng.reporters.JUnitReportReporter -->
<testsuite hostname="CSD-SYS64" failures="0" tests="2" name="Testjava.Apptest" time="0.011" errors="0" timestamp="2025-04-24T15:03:11 IST" skipped="0">
  <testcase classname="Testjava.Apptest" name="testlogin2" time="0.000"/>
  <testcase classname="Testjava.Apptest" name="testlogin1" time="0.011"/>
</testsuite> <!-- Testjava.Apptest -->
